<?xml version="1.0" encoding="utf-8"?>
<testsuites name="pytest tests">
<testsuite name="pytest" 
    errors="0" 
    failures="0" 
    skipped="0" 
    tests="3" 
    time="12.004" 
    timestamp="2026-08-01T19:13:44.340697+01:00" 
    hostname="Akfi">
<testcase classname="test_cleanup" name="test_cleanup_after_successful_run" time="5.278" /><testcase classname="test_cleanup" name="test_cleanup_is_idempotent_when_run_twice" time="4.419" /><testcase classname="test_cleanup" name="test_cleanup_with_absent_ssh_key_does_not_crash" time="0.532" />
</testsuite></testsuites>