<?xml version="1.0" encoding="utf-8"?><testsuites name="pytest tests"><testsuite name="pytest" errors="0" failures="0" skipped="0" tests="6" time="37.605" timestamp="2026-08-01T20:21:39.503602+01:00" hostname="Akfi"><testcase classname="test_cleanup" name="test_cleanup_after_successful_run" time="6.100" /><testcase classname="test_cleanup" name="test_cleanup_is_idempotent_when_run_twice" time="5.499" /><testcase classname="test_cleanup" name="test_cleanup_with_absent_ssh_key_does_not_crash" time="0.563" /><testcase classname="test_negative_retest" name="test_injection_blocked_on_patched_target" time="1.111" /><testcase classname="test_partial_failure" name="test_partial_failure_unreachable_target" time="20.350" /><testcase classname="test_partial_failure" name="test_interruption_mid_chain_still_returns_structured_result" time="2.898" /></testsuite></testsuites>